9.248430661568640687e-02
7.297617131881194152e-02
5.328563359889541828e-02
3.346190954560337993e-02
1.355454814507273120e-02
-6.386692566748262273e-03
-2.631196987327753811e-02
-4.617148095813267128e-02
-6.591558738623494451e-02
-8.549493917404581145e-02
-1.048605981388252700e-01
-1.239641602186016822e-01
-1.427578764571179049e-01
-1.611947723513564301e-01
-1.792287652633307304e-01
-1.968147796026835927e-01
-2.139088594921859099e-01
-2.304682786345376433e-01
-2.464516471058627589e-01
-2.618190148089591385e-01
-2.765319713277406555e-01
-2.905537419332701043e-01
-3.038492795014291481e-01
-3.163853521124809776e-01
-3.281306261135567559e-01
-3.390557444364759587e-01
-3.491333999751229933e-01
-3.583384038389909043e-01
-3.666477483122952408e-01
-3.740406643612737003e-01
-3.804986735459621738e-01
-3.860056342066650603e-01
-3.905477818096981801e-01
-3.941137633515608973e-01
-3.966946657355235883e-01
-3.982840380497365551e-01
-3.988779076911433408e-01
-3.984747902949195564e-01
-3.970756934446185160e-01
-3.946841141537281161e-01
-3.913060301249675077e-01
-3.869498848091363907e-01
-3.816265663008854836e-01
-3.753493801241569172e-01
-3.681340159752949925e-01
-3.599985085069850599e-01
-3.509631922510074165e-01
-3.410506507924981889e-01
-3.302856603227539711e-01
-3.186951277116484293e-01
-3.063080232544785897e-01
-2.931553082613080341e-01
-2.792698576698163238e-01
-2.646863778750810914e-01
-2.494413199816580273e-01
-2.335727886948096577e-01
-2.171204470785816909e-01
-2.001254174187994117e-01
-1.826301784387732718e-01
-1.646784591246077956e-01
-1.463151294255148616e-01
-1.275860881023049009e-01
-1.085381480043888375e-01
-8.921891906203689715e-02
-6.967668928634429548e-02
-4.996030407435439469e-02
-3.011904412100215381e-02
-1.020250224304214415e-02
9.739540577164921414e-03
2.965723961818382201e-02
4.950081100534905326e-02
6.922065614452499460e-02
8.876748569276034229e-02
1.080924427559768058e-01
1.271472250057590070e-01
1.458842054100217556e-01
1.642565512757852009e-01
1.822183413065169844e-01
1.997246803814605176e-01
2.167318117700526015e-01
2.331972265009655820e-01
2.490797696123945026e-01
2.643397430180280949e-01
2.789390047315940535e-01
2.928410642019556032e-01
3.060111735204908978e-01
3.184164142727640145e-01
3.300257798174171531e-01
3.408102527866310183e-01
3.507428776144257410e-01
3.597988279115447163e-01
3.679554685184929230e-01
3.751924120816472752e-01
3.814915700110292907e-01
3.868371976923514755e-01
3.912159338403617403e-01
3.946168338950917232e-01
3.970313973775569383e-01
3.984535891365337812e-01
3.988798544332857188e-01
3.983091278265678548e-01
3.967428358356682727e-01
3.941848933748527961e-01
3.906416939681251477e-01
3.861220937687372401e-01
3.806373894234275634e-01
3.742012898366804952e-01
3.668298819056048932e-01
3.585415903110755753e-01
3.493571314656179205e-01
3.392994617331739904e-01
3.283937200501416687e-01
3.166671650911261349e-01
3.041491071364550436e-01
2.908708348117347020e-01
2.768655368825881924e-01
2.621682193000201000e-01
2.468156177037702237e-01
2.308461056023504154e-01
2.142995984592516168e-01
1.972174539250786951e-01
1.796423684649580688e-01
1.616182706396112889e-01
1.431902113068341531e-01
1.244042510178098443e-01
1.053073448897228620e-01
8.594722524241689421e-02
6.637228229245410727e-02
4.663144320277681776e-02
2.677404979027849311e-02
6.849735196960214656e-03
-1.309170016707726994e-02
-3.300041309872278616e-02
-5.282664218390441258e-02
-7.252083217520960412e-02
-9.203375785419613819e-02
-1.113166470688018855e-01
-1.303213026383244766e-01
-1.490002228212738977e-01
-1.673067200449857017e-01
-1.851950376002407528e-01
-2.026204640092067188e-01
-2.195394447808468597e-01
-2.359096912744679531e-01
-2.516902863992943606e-01
-2.668417868858902753e-01
-2.813263218737881988e-01
-2.951076875689169765e-01
-3.081514377342367550e-01
-3.204249697873864378e-01
-3.318976062901666801e-01
-3.425406716261542028e-01
-3.523275636748084971e-01
-3.612338203029246131e-01
-3.692371805072191537e-01
-3.763176400552527556e-01
-3.824575014855874366e-01
-3.876414183422232651e-01
-3.918564335327524573e-01
-3.950920117143340571e-01
-3.973400656265728137e-01
-3.985949763054519868e-01
-3.988536071278169781e-01
-3.981153116513064250e-01
-3.963819352301125587e-01
-3.936578104025655889e-01
-3.899497460620376388e-01
-3.852670104382551752e-01
-3.796213079315582939e-01
-3.730267498579865615e-01
-3.654998191783466188e-01
-3.570593292993877732e-01
-3.477263770500831908e-01
-3.375242899505506711e-01
-3.264785679053927581e-01
-3.146168194672234741e-01
-3.019686928296591022e-01
-2.885658017222745841e-01
-2.744416463927494831e-01
-2.596315298736880384e-01
-2.441724697434299318e-01
-2.281031056013778924e-01
-2.114636024891224930e-01
-1.942955504987601001e-01
-1.766418608193166817e-01
-1.585466584811282276e-01
-1.400551720662409350e-01
-1.212136206605110567e-01
-1.020690983299635674e-01
-8.266945641014955548e-02
-6.306318390273107921e-02
-4.329928627822725307e-02
-2.342716298785996881e-02
-3.496483990653789786e-03
1.644293439559547584e-02
3.634125400917038312e-02
5.614873941388161260e-02
7.581588221175628028e-02
9.529352478824983097e-02
1.145329831806808779e-01
1.334861687627849625e-01
1.521057084412351657e-01
1.703450630637035057e-01
1.881586437425067926e-01
2.055019258030806317e-01
2.223315600724812269e-01
2.386054812297392358e-01
2.542830129472546385e-01
2.693249695604355565e-01
2.836937540114472522e-01
2.973534518222819001e-01
3.102699208622455851e-01
3.224108766855038333e-01
3.337459732253877376e-01
3.442468786437499206e-01
3.538873461458121872e-01
3.626432795834778067e-01
3.704927936831526325e-01
3.774162687475374200e-01
3.833963996946452291e-01
3.884182393115023779e-01
3.924692356143902328e-01
3.955392632222675675e-01
3.976206486649562777e-01
3.987081895628120098e-01
3.987991676299727506e-01
3.978933554686510665e-01
3.959930171375101171e-01
3.931029024927029658e-01
3.892302353156967820e-01
3.843846952575902254e-01
3.785783936450200504e-01
3.718258432081520959e-01
3.641439218064204120e-01
3.555518302426598498e-01
3.460710442711071311e-01
3.357252609191932469e-01
3.245403392573161239e-01
3.125442357646378566e-01
2.997669344524383495e-01
2.862403719197100238e-01
2.719983575282871047e-01
2.570764888970487050e-01
2.415120629264156105e-01
2.253439825755165216e-01
2.086126596250567067e-01
1.913599136689076718e-01
1.736288675869021580e-01
1.554638397600960620e-01
1.369102332978917314e-01
1.180144225539142139e-01
9.882363721427538106e-02
7.938584424795575023e-02
5.974962801436495968e-02
3.996406882774269226e-02
2.007862028193596257e-02
1.429856421677894174e-04
-1.979300638724043951e-02
-3.967952620867900432e-02
-5.946686787929360979e-02
-7.910557334995613199e-02
-9.854655608463010197e-02
-1.177412237511465676e-01
-1.366415996767293417e-01
-1.552004427646893892e-01
-1.733713655725660774e-01
-1.911089502565734843e-01
-2.083688620925562007e-01
-2.251079602897135545e-01
-2.412844058201054076e-01
-2.568577659944368818e-01
-2.717891155227213917e-01
-2.860411338072333942e-01
-2.995781982245707131e-01
-3.123664731636552894e-01
-3.243739945971458316e-01
-3.355707499748549760e-01
-3.459287532394941245e-01
-3.554221147772473333e-01
-3.640271061283154030e-01
-3.717222192957155280e-01
-3.784882205040666636e-01
-3.843081982740111924e-01
-3.891676056921121729e-01
-3.930542967705526469e-01
-3.959585568057883420e-01
-3.978731266602404948e-01
-3.987932209063594913e-01
-3.987165397877081019e-01
-3.976432749671459099e-01
-3.955761090477810660e-01
-3.925202088678528267e-01
-3.884832125863266761e-01
-3.834752105914816522e-01
-3.775087202801856168e-01
-3.705986547709309575e-01
-3.627622856287982533e-01
-3.540191996955385223e-01
-3.443912501326759079e-01
-3.339025017999762701e-01
-3.225791711058388911e-01
-3.104495604799223929e-01
-2.975439876318106136e-01
-2.838947097725332824e-01
-2.695358429883302764e-01
-2.545032769682106233e-01
-2.388345852984155027e-01
-2.225689315480209873e-01
-2.057469713804158107e-01
-1.884107509353101506e-01
-1.706036017352889900e-01
-1.523700323795682543e-01
-1.337556172956768652e-01
-1.148068828271255615e-01
-9.557119094177471408e-02
-7.609662085158382105e-02
-5.643184883961821496e-02
-3.662602659469200994e-02
-1.672865835774514295e-02
3.210522812979378637e-03
2.314167934867932333e-02
4.301499373796120046e-02
6.278079304467382160e-02
8.238967306437980365e-02
1.017926218091369239e-01
1.209411420119439889e-01
1.397873723446506067e-01
1.582842070463514328e-01
1.763854136632581893e-01
1.940457486057539371e-01
2.112210702338079837e-01
2.278684491880848539e-01
2.439462756909850927e-01
2.594143635494228217e-01
2.742340505993750566e-01
2.883682953411620953e-01
3.017817695239019549e-01
3.144409464477384564e-01
3.263141847631355619e-01
3.373718075577660236e-01
3.475861765333436715e-01
3.569317610869701118e-01
3.653852021243457759e-01
3.729253704453461271e-01
3.795334195560103319e-01
3.851928327749692960e-01
3.898894645165411066e-01
3.936115756473281269e-01
3.963498628279436553e-01
3.980974817665062782e-01
3.988500643258141576e-01
3.986057294414064867e-01
3.973650878232448669e-01
3.951312404292633418e-01
3.919097707145793308e-01
3.877087306757727725e-01
3.825386207250813797e-01
3.764123634448384159e-01
3.693452712877535737e-01
3.613550083037469496e-01
3.524615459890321767e-01
3.426871133677704129e-01
3.320561414310866377e-01
3.205952020723213947e-01
3.083329416711278470e-01
2.953000094924491115e-01
2.815289810793119574e-01
2.670542768309345227e-01
2.519120759696592549e-01
2.361402261117319101e-01
2.197781486679782903e-01
2.028667403108024569e-01
1.854482707538048225e-01
1.675662770995155482e-01
1.492654550193069918e-01
1.305915470374968135e-01
1.115912281988562099e-01
9.231198940530617458e-02
7.280201871339789244e-02
5.311008088926416626e-02
3.328539552210293961e-02
1.337751400083546718e-02
-6.563804338559645069e-03
-2.648871658547152091e-02
-4.634742083597664930e-02
-6.609028067166201892e-02
-8.566794922482114105e-02
-1.050314925199235250e-01
-1.241325117830701652e-01
-1.429232644137212460e-01
-1.613567833163354892e-01
-1.793869942936474893e-01
-1.969688312081655235e-01
-2.140583486240478228e-01
-2.306128316478023021e-01
-2.465909026932787407e-01
-2.619526249040820542e-01
-2.766596019749142377e-01
-2.906750741223451118e-01
-3.039640099651214622e-01
-3.164931940843818681e-01
-3.282313100449011922e-01
-3.391490186698690179e-01
-3.492190313735574203e-01
-3.584161783685665403e-01
-3.667174715771923665e-01
-3.741021620896433086e-01
-3.805517920255086506e-01
-3.860502406688531285e-01
-3.905837647616029473e-01
-3.941410328545421615e-01
-3.967131536300277928e-01
-3.982936981256535169e-01
-3.988787158033141322e-01
-3.984667444234846201e-01
-3.970588137000662377e-01
-3.946584427266313644e-01
-3.912716311805222724e-01
-3.869068443267891788e-01
-3.815749918594271151e-01
-3.752894006328316157e-01
-3.680657813515965104e-01
-3.599221893019345364e-01
-3.508789792228712567e-01
-3.409587544299894635e-01
-3.301863103189202620e-01
-3.185885723897607935e-01
-3.061945289473468335e-01
-2.930351586455933188e-01
-2.791433530569852328e-01
-2.645538344607833992e-01
-2.493030690554038364e-01
-2.334291758119133309e-01
-2.169718311964583535e-01
-1.999721699997567270e-01
-1.824726825215491621e-01
-1.645171083669741963e-01
-1.461503271203348775e-01
-1.274182461695141100e-01
-1.083676859614088606e-01
-8.904626297520028266e-02
-6.950227070595123291e-02
-4.978455895601982539e-02
-2.994241173599564848e-02
-1.002542408033786983e-02
9.916621914380703562e-03
2.983388151879015279e-02
4.967657195658779085e-02
6.939509683555254715e-02
8.894017011269608752e-02
1.082629392837031745e-01
1.273151074887500511e-01
1.460490542295009575e-01
1.644179543955554823e-01
1.823758953028360164e-01
1.998779914513899858e-01
2.168804967157615671e-01
2.333409136875223555e-01
2.492180998966634919e-01
2.644723706463396051e-01
2.790655982039484395e-01
2.929613071006020864e-01
3.061247653008026259e-01
3.185230710144476562e-01
3.301252349341642356e-01
3.409022576924449210e-01
3.508272023449590105e-01
3.598752616988845632e-01
3.680238203179769241e-01
3.752525110493736826e-01
3.815432659308777286e-01
3.868803613514471551e-01
3.912504573520338980e-01
3.946426309685407419e-01
3.970484035335340445e-01
3.984617618685056817e-01
3.988791733136810014e-01
3.982995945578284847e-01
3.967244742460012685e-01
3.941577493586698733e-01
3.906058353713303677e-01
3.860776102191501025e-01
3.805843921067531554e-01
3.741399112186101217e-01
3.667602754007183163e-01
3.584639298993846923e-01
3.492716112577092802e-01
3.392062954850271761e-01
3.282931406288570608e-01
3.165594238928761683e-01
3.040344734581248431e-01
2.907495951778218402e-01
2.767379943290352862e-01
2.620346926167881896e-01
2.466764406380280161e-01
2.307016260242802930e-01
2.141501774925566592e-01
1.970634650443572888e-01
1.794841965622162028e-01
1.614563110622314890e-01
1.430248688694129855e-01
1.242359389903331252e-01
1.051364839646031779e-01
8.577424248298441689e-02
6.619761006551974636e-02
4.645551809794040699e-02
2.659731152868250945e-02
6.672625532214766786e-03
-1.326873855304722474e-02
-3.317693770215210392e-02
-5.300221178521673238e-02
-7.269500794183668402e-02
-9.220610443743020024e-02
-1.114867336919411894e-01
-1.304887041733905351e-01
-1.491645208516100551e-01
-1.674675039110815888e-01
-1.853519054261650312e-01
-2.027730237070897168e-01
-2.196873150308953915e-01
-2.360525024780662229e-01
-2.518276816028092169e-01
-2.669734226728657234e-01
-2.814518692233113906e-01
-2.952268326779978747e-01
-3.082638828021522226e-01
-3.205304337600285436e-01
-3.319958255625267696e-01
-3.426314007012029594e-01
-3.524105757771090475e-01
-3.613089079454531172e-01
-3.693041560099761256e-01
-3.763763360143594361e-01
-3.825077711917143075e-01
-3.876831361472850013e-01
-3.918894951639625979e-01
-3.951163345348349121e-01
-3.973555888419780247e-01
-3.986016611158073597e-01
-3.988514368245780206e-01
-3.981042916591009950e-01
-3.963620930931843200e-01
-3.936291957159209765e-01
-3.899124303474910125e-01
-3.852210869656592651e-01
-3.795668914856781262e-01
-3.729639764515994549e-01
-3.654288457122746303e-01
-3.569803331703338412e-01
-3.476395557072295972e-01
-3.374298604020388725e-01
-3.263767661759180427e-01
-3.145079000080902576e-01
-3.018529278827910001e-01
-2.884434806397496165e-01
-2.743130749135703761e-01
-2.594970293595956767e-01
-2.440323763756614139e-01
-2.279577695403934290e-01
-2.113133869993850111e-01
-1.941408310407632398e-01
-1.764830241111303155e-01
-1.583841015318010748e-01
-1.398893011834883016e-01
-1.210448504351559762e-01
-1.018978505996756129e-01
-8.249615920507107070e-02
-6.288827037562264022e-02
-4.312319362181345206e-02
-2.325033134207457608e-02
-3.319355342519151458e-03
1.661991731670567005e-02
3.651764883812440299e-02
5.632410525547171254e-02
7.598978074270722194e-02
9.546552135279881557e-02
1.147026478769910124e-01
1.336530775174746832e-01
1.522694440693421469e-01
1.705052163114293140e-01
1.883148143101383010e-01
2.056537233455317526e-01
2.224786051749494675e-01
2.387474063560480197e-01
2.544194633585013521e-01
2.694556042016540975e-01
2.838182463640692155e-01
2.974714907202586356e-01
3.103812112698056125e-01
3.225151404345871220e-01
3.338429497109210442e-01
3.443363254750256841e-01
3.539690397523333476e-01
3.627170157737732437e-01
3.705583881551476888e-01
3.774735575492130235e-01
3.834452396338347002e-01
3.884585083137909733e-01
3.925008330282439561e-01
3.955621100706073756e-01
3.976346878425597309e-01
3.987133859790488177e-01
3.987955082965062847e-01
3.978808495319092753e-01
3.959716958558218702e-01
3.930728191581686071e-01
3.891914651209877340e-01
3.843373351079998890e-01
3.785225619162577715e-01
3.717616794504631783e-01
3.640715863957832421e-01
3.554715039799316023e-01
3.459829279301094296e-01
3.356295747448884703e-01
3.244373224153076496e-01
3.124341457433805758e-01
2.996500464196534819e-01
2.861169780346036196e-01
2.718687662113096204e-01
2.569410240590027650e-01
2.413710631588475986e-01
2.251978003044156074e-01
2.084616602299689259e-01
1.912044745696818149e-01
1.734693773003351536e-01
1.553006969288434347e-01
1.367438456940694713e-01
1.178452060598779300e-01
9.865201478313394279e-02
7.921224484640780605e-02
5.957448555050556815e-02
3.978782106651955475e-02
1.990170775096363961e-02
-3.414946936053375737e-05
-1.996992133379609999e-02
-3.985577879503111182e-02
-5.964201756576693880e-02
-7.927918235355055354e-02
-9.871819047325043617e-02
-1.179104545282066985e-01
-1.368080038534202902e-01
-1.553636044172316821e-01
-1.735308768818006331e-01
-1.912644125272990603e-01
-2.085198867500591691e-01
-2.252541698510022727e-01
-2.414254348374222370e-01
-2.569932619686838282e-01
-2.719187397845277965e-01
-2.861645623634517244e-01
-2.996951225680907216e-01
-3.124766010445128028e-01
-3.244770507529905479e-01
-3.356664768189678849e-01
-3.460169115046184962e-01
-3.555024841136322777e-01
-3.640994856544774727e-01
-3.717864281005318627e-01
-3.785440980989644988e-01
-3.843556049941037611e-01
-3.892064230452881857e-01
-3.930844277336470460e-01
-3.959799260670830989e-01
-3.978856808077113061e-01
-3.987969285611757120e-01
-3.987113916826635629e-01
-3.976292839698244430e-01
-3.955533101283873476e-01
-3.924886590118118468e-01
-3.884429906518477305e-01
-3.834264171124537879e-01
-3.774514772148974684e-01
-3.705331051972319267e-01
-3.626885933864850142e-01
-3.539375489768386562e-01
-3.443018450218632842e-01
-3.338055657632686968e-01
-3.224749464328428017e-01
-3.103383076780411587e-01
-2.974259847751096197e-01
-2.837702518066995694e-01
-2.694052409934636905e-01
-2.543668573812804534e-01
-2.386926890973431192e-01
-2.224219133994109754e-01
-2.055951987530741654e-01
-1.882546031817648458e-01
-1.704434691436024496e-01
-1.522063151978242934e-01
-1.335887247315675763e-01
-1.146372320251452664e-01
-9.539920594057674230e-02
-7.592273152410235204e-02
-5.625648981861217091e-02
-3.644963618638870362e-02
-1.655167744630301266e-02
3.387651867451359211e-03
2.331851381579220714e-02
4.319109162364078575e-02
6.295571419591590445e-02
8.256298026940342427e-02
1.019638818901865002e-01
1.211099269080070512e-01
1.399532601813884281e-01
1.584467831905648771e-01
1.765442717592547173e-01
1.942004915910261476e-01
2.113713113314803493e-01
2.280138128736572400e-01
2.440863986309474987e-01
2.595488955093999683e-01
2.743626553195312456e-01
2.884906513766715697e-01
3.018975710483977060e-01
3.145499040177174854e-01
3.264160260414169512e-01
3.374662779941937085e-01
3.476730400010240585e-01
3.570108004724716344e-01
3.654562198703675269e-01
3.729881890445083670e-01
3.795878819945325833e-01
3.852388029251166413e-01
3.899268274768789011e-01
3.936402380299138248e-01
3.963697529917478146e-01
3.981085499964802654e-01
3.988522829571450323e-01
3.985990929286713502e-01
3.973496127542693324e-01
3.951069654836605882e-01
3.918767565670734365e-01
3.876670598445368654e-01
3.824883973654917835e-01
3.763537130891382865e-01
3.692783405312876632e-01
3.612799644385517039e-01
3.523785765856863872e-01
3.425964258065727908e-01
3.319579623837110027e-01
3.204897769352555437e-01
3.082205339523120258e-01
2.951809001526376486e-01
2.814034678298235059e-01
2.669226733895267434e-01
2.517747112763979445e-01
2.359974435068136200e-01
2.196303050335540463e-01
2.027142051789628807e-01
1.852914253829407443e-01
1.674055135213706746e-01
1.491011750591036966e-01
1.304241613095792340e-01
1.114211550803713563e-01
9.213965399047790994e-02
7.262785175101274526e-02
5.293451770602428108e-02
3.310887493453436303e-02
1.320047721847699210e-02
-6.740914815951071226e-03
-2.666545807393974968e-02
-4.652335157384569764e-02
-6.626496092371012003e-02
-8.584094238138986754e-02
-1.052023661882145328e-01
-1.243008388679019971e-01
-1.430886241850454210e-01
-1.615187624608407924e-01
-1.795451879478297541e-01
-1.971228439702749358e-01
-2.142077955423873914e-01
-2.307573391829076948e-01
-2.467301096515691350e-01
-2.620861833406593067e-01
-2.767871780632427670e-01
-2.907963489886444264e-01
-3.040786804853860548e-01
-3.166009736420287712e-01
-3.283319292471667539e-01
-3.392422260211490626e-01
-3.493045939040151926e-01
-3.584938822164379091e-01
-3.667871225233230725e-01
-3.741635860429415317e-01
-3.806048354580801041e-01
-3.860947709997408772e-01
-3.906196706881728820e-01
-3.941682246306750792e-01
-3.967315632904445666e-01
-3.983032796557907096e-01
-3.988794452543363844e-01
-3.984586199721464883e-01
-3.970418556532626653e-01
-3.946326934706477774e-01
-3.912371550750887161e-01
-3.868637275442143864e-01
-3.815233421692149629e-01
-3.752293471323068230e-01
-3.679974741432351371e-01
-3.598457991181837623e-01
-3.507946969994072406e-01
-3.408667908284795933e-01
-3.300868952004725188e-01
-3.184819542403969361e-01
-3.060809742569146619e-01
-2.929149512416807655e-01
-2.790167933955010060e-01
-2.644212388749684894e-01
-2.491647689651683428e-01
-2.332855168954575675e-01
-2.168231725262573517e-01
-1.998188831450674052e-01
-1.823151506196766802e-01
-1.643557251656322105e-01
-1.459854959934800411e-01
-1.272503791091211811e-01
-1.081972025477062060e-01
-8.887358932793529287e-02
-6.932783841931539071e-02
-4.960880401988716770e-02
-2.976577344617512347e-02
-9.848343940562900856e-03
1.009370129598250593e-02
3.001051753598592622e-02
4.985232311132477279e-02
6.956952384147331581e-02
8.911283699312590179e-02
1.084334144613638556e-01
1.274829648644791869e-01
1.462138742472776365e-01
1.645793250911718186e-01
1.825334133335940190e-01
2.000312631042457101e-01
2.170291388914052100e-01
2.334845548579261298e-01
2.493563810337082465e-01
2.646049461191994356e-01
2.791921366429838680e-01
2.930814922256154142e-01
3.062382967115725441e-01
3.186296649415732429e-01
3.302246249483423712e-01
3.409941953703997664e-01
3.509114578903758663e-01
3.599516245167793671e-01
3.680920995410739138e-01
3.753125360151762790e-01
3.815948866082297664e-01
3.869234487155387425e-01
3.912849037068942826e-01
3.946683502162220969e-01
3.970653313893136582e-01
3.984698560215577667e-01
3.988784135328382607e-01
3.982899827421473860e-01
3.967060344200152855e-01
3.941305276123429069e-01
3.905698997448491805e-01
3.860330505328659623e-01
3.805313197366755884e-01
3.740784588180247061e-01
3.666905965686249602e-01
3.583861987965734075e-01
3.491860221714555013e-01
3.391130623434726599e-01
3.281924964663007760e-01
3.164516202673119949e-01
3.039197798224717584e-01
2.906282982064377074e-01
2.766103972011783041e-01
2.619011142588267282e-01
2.465372149262923251e-01
2.305571009505407998e-01
2.140007142942305374e-01
1.969094373016014310e-01
1.793259892641714259e-01
1.612943196447512717e-01
1.428594982266764291e-01
1.240676024628237228e-01
1.049656023059717530e-01
8.560124280838411759e-02
6.602292478404123144e-02
4.627958383181243751e-02
2.642056802194563125e-02
6.495514551589611635e-03
-1.344577432234668815e-02
-3.335345576290101033e-02
-5.317777093419205625e-02
-7.286916937259541038e-02
-9.237843283709691600e-02
-1.116567983292636040e-01
-1.306560799753437863e-01
-1.493287894658563708e-01
-1.676282547516347587e-01
-1.855087366996410470e-01
-2.029255434169810468e-01
-2.198351419573590648e-01
-2.361952671307717688e-01
-2.519650271444752732e-01
-2.671050058111662517e-01
-2.815773610689278339e-01
-2.953459195666725545e-01
-3.083762670786811544e-01
-3.206358345222490303e-01
-3.320939793634248849e-01
-3.427220622073939293e-01
-3.524935183820449014e-01
-3.613839243358152875e-01
-3.693710586838564458e-01
-3.764349577499154775e-01
-3.825579654651367623e-01
-3.877247774990330575e-01
-3.919224795123412153e-01
-3.951405794361510515e-01
-3.973710336966048695e-01
-3.986082673196518766e-01
-3.988491878655732736e-01
-3.980931931584709704e-01
-3.963421727914006043e-01
-3.936005034033637773e-01
-3.898750377399990974e-01
-3.851750875252798467e-01
-3.795124001870538999e-01
-3.729011294945984711e-01
-3.653578001815593335e-01
-3.569012666427312519e-01
-3.475526658078837428e-01
-3.373353643104446409e-01
-3.262749000830918455e-01
-3.143989185262133224e-01
-3.017371034088116022e-01
-2.883211026745342576e-01
-2.741844493382971093e-01
-2.593624776712157853e-01
-2.438922348833226783e-01
-2.278123885248424518e-01
-2.111631298374491150e-01
-1.939860732970934698e-01
-1.763241525994896086e-01
-1.582215133482298697e-01
-1.397234027137712609e-01
-1.208760563390700454e-01
-1.017265827745538614e-01
-8.232284573128176297e-02
-6.271334444659035223e-02
-4.294709246126111879e-02
-2.307349511119227356e-02
-3.142226039789208086e-03
1.679689696027356419e-02
3.669403646559052379e-02
5.649945998962827010e-02
7.616366428804197120e-02
9.563749909100502378e-02
1.148722899532873959e-01
1.338199599150183827e-01
1.524331496690499166e-01
1.706653359345588761e-01
1.884709477410197453e-01
2.058054803319005754e-01
2.226256064033732274e-01
2.388892844000124194e-01
2.545558635967863914e-01
2.695861857046986110e-01
2.839426827461211111e-01
2.975894709551679673e-01
3.104924404684279993e-01
3.226193405818547633e-01
3.339398603607304783e-01
3.444257044012223878e-01
3.540506635541494918e-01
3.627906804342131419e-01
3.706239095509260562e-01
3.775307719109612381e-01
3.834940039554450841e-01
3.884987007098554823e-01
3.925323530387042070e-01
3.955848789118546760e-01
3.976486486043465662e-01
3.987185037667413390e-01
3.987917703183005980e-01
3.978682651308041440e-01
3.959502964862685048e-01
3.930426583074440039e-01
3.891526181755113334e-01
3.842898991649042473e-01
3.784666555406964727e-01
3.716974423792617777e-01
3.639991791881635463e-01
3.553911076162037386e-01
3.458947433593131393e-01
3.355338223825251043e-01
3.243342415924182487e-01
3.123239941083369442e-01
2.995330992941773740e-01
2.859935277256038244e-01
2.717391212802670042e-01
2.568055085507288116e-01
2.412300157915362731e-01
2.250515736230291330e-01
2.083106197250574054e-01
1.910489977638471781e-01
1.733098528046224662e-01
1.551375234714120199e-01
1.365774311235838367e-01
1.176759663260972810e-01
9.848037289725439236e-02
7.903862982375539636e-02
5.939933133821931333e-02
3.961156545891164615e-02
1.972479129526097386e-02
-2.112845741549865264e-04
-2.014683234217038918e-02
-4.003202352159787591e-02
-5.981715549049620995e-02
-7.945277572284056844e-02
-9.888980539408362413e-02
-1.180796620526567142e-01
-1.369743810507970949e-01
-1.555267354311893890e-01
-1.736903539697613186e-01
-1.914198370795968662e-01
-2.086708702862578590e-01
-2.254003349908910436e-01
-2.415664162442726914e-01
-2.571287072624005576e-01
-2.720483104224150073e-01
-2.862879344863952236e-01
-2.998119878100325986e-01
-3.125866673032104415e-01
-3.245800429201186055e-01
-3.357621374677458026e-01
-3.461050015332453045e-01
-3.555827833429109353e-01
-3.641717933781538075e-01
-3.718505635869537862e-01
-3.785999010428170997e-01
-3.844029359170911264e-01
-3.892451636447502028e-01
-3.931144811782607551e-01
-3.960012172388884255e-01
-3.978981564898669832e-01
-3.988005575709758221e-01
-3.987061649494713089e-01
-3.976152145577507846e-01
-3.955304332036352344e-01
-3.924570317547791398e-01
-3.884026921142080813e-01
-3.833775480195619201e-01
-3.773941597140351156e-01
-3.704674825523008863e-01
-3.626148296199219745e-01
-3.538558284596467485e-01
-3.442123720127741593e-01
-3.337085638982084657e-01
-3.223706581659565029e-01
-3.102269936756837376e-01
-2.973079232643175973e-01
-2.836457378797628825e-01
-2.692745858703541328e-01
-2.542303876317618672e-01
-2.385507458247172752e-01
-2.222748513879382881e-01
-2.054433855811934606e-01
-1.880984183033430901e-01
-1.702833029394962006e-01
-1.520425680001308844e-01
-1.334218058230043635e-01
-1.144675586160530112e-01
-9.522720212611397728e-02
-7.574882722422740522e-02
-5.608111970350714709e-02
-3.627323859001084505e-02
-1.637469327077674397e-02
3.564780253858781250e-03
2.349534368436141316e-02
4.336718099179154989e-02
6.313062293193351382e-02
8.273627119253840201e-02
1.021351218633791552e-01
1.212786879205044327e-01
1.401191204185483208e-01
1.586093280881733791e-01
1.767030950397188438e-01
1.943551962788582776e-01
2.115215107455295507e-01
2.281591315936106756e-01
2.442264734356870137e-01
2.596833762848619886e-01
2.744912059338133759e-01
2.886129505201859846e-01
3.020133130369777041e-01
3.146587995566705320e-01
3.265178029486056621e-01
3.375606818803545406e-01
3.477598349056061910e-01
3.570897694534154732e-01
3.655271655463489533e-01
3.730509340882832148e-01
3.796422695761683674e-01
3.852846971039837753e-01
3.899641135414315118e-01
3.936688227844108989e-01
3.963895649891875927e-01
3.981195397171869987e-01
3.988544229325403090e-01
3.985923778099311199e-01
3.973340593256955433e-01
3.950826126207223066e-01
3.918436651392453451e-01
3.876253125631548002e-01
3.824380985770176600e-01
3.762949885143503925e-01
3.692113369510375831e-01
3.612048493268952831e-01
3.522955376912835779e-01
3.425056706834138098e-01
3.318597178723414198e-01
3.203842885957870479e-01
3.081080654506559990e-01
2.950617326014758346e-01
2.812778990859725048e-01
2.667910173094529824e-01
2.516372969317347552e-01
2.358546143618586721e-01
2.194824180867857577e-01
2.025616300707301642e-01
1.851345434715558902e-01
1.672447169299083880e-01
1.489368656953014014e-01
1.302567498612757779e-01
1.112510599890013246e-01
9.196730040518669158e-02
7.245367046600283134e-02
5.275894408379634692e-02
3.293234781770702779e-02
1.302343783290880672e-02
-6.918023963996301762e-03
-2.684219430382874666e-02
-4.669927313704616556e-02
-6.643962810793221929e-02
-8.601391860963793212e-02
-1.053732191100025667e-01
-1.244691414399036189e-01
-1.432539557384809037e-01
-1.616807097529295023e-01
-1.797033461946819788e-01
-1.972768178586416510e-01
-2.143572002177348279e-01
-2.309018012113559226e-01
-2.468692679532813739e-01
-2.622196900923535190e-01
-2.769146995675700329e-01
-2.909175665082544548e-01
-3.041932910396086820e-01
-3.167086907641664117e-01
-3.284324837005120901e-01
-3.393353664719381824e-01
-3.493900875496259717e-01
-3.585715153672805466e-01
-3.668567011369510134e-01
-3.742249362090565024e-01
-3.806578038332194547e-01
-3.861392251905500506e-01
-3.906554995823262044e-01
-3.941953386745964405e-01
-3.967498947131449238e-01
-3.983127826382623082e-01
-3.988800960440698762e-01
-3.984504169425064357e-01
-3.970248193075511245e-01
-3.946068663908566809e-01
-3.912026018154693419e-01
-3.868205344699185422e-01
-3.814716172404338801e-01
-3.751692196344246222e-01
-3.679290943636827071e-01
-3.597693379708006844e-01
-3.507103455972396255e-01
-3.407747600061035165e-01
-3.299874149870151707e-01
-3.183752732845836486e-01
-3.059673592055785485e-01
-2.927946860732786871e-01
-2.788901787103211793e-01
-2.642885911437841684e-01
-2.490264197382259237e-01
-2.331418119737750372e-01
-2.166744710972973442e-01
-1.996655568849601270e-01
-1.821575827642216427e-01
-1.641943095524083240e-01
-1.458206360774577937e-01
-1.270824869542322433e-01
-1.080266977969012582e-01
-8.870089815429421654e-02
-6.915339246083648805e-02
-4.943303930061747342e-02
-2.958912928637582804e-02
-9.671261858639024905e-03
1.027077868704869001e-02
3.018714763493685060e-02
5.002806443490026567e-02
6.974393712788867772e-02
8.928548629999777386e-02
1.086038682553390478e-01
1.276507970998433383e-01
1.463786654308482649e-01
1.647406633308109714e-01
1.826908953677258973e-01
2.001844953098000368e-01
2.171777382676698398e-01
2.336281499838505915e-01
2.494946129962594683e-01
2.647374694104608350e-01
2.793186200237440797e-01
2.932016195532937686e-01
3.063517677304125053e-01
3.187361960331207000e-01
3.303239498403487961e-01
3.410860658023624481e-01
3.509956442340601557e-01
3.600279163501713398e-01
3.681603061743201621e-01
3.753724869672149800e-01
3.816464320329026605e-01
3.869664597761284797e-01
3.913192728981513269e-01
3.946939916330652331e-01
3.970821809415546189e-01
3.984778715940909821e-01
3.988775750909068218e-01
3.982802923814217078e-01
3.966875163613482469e-01
3.941032281412372162e-01
3.905338870957653086e-01
3.859884147186715686e-01
3.804781723236624891e-01
3.740169326470446087e-01
3.666208454230631131e-01
3.583083970179680167e-01
3.491003642237347493e-01
3.390197623268980665e-01
3.280917875823220475e-01
3.163437542356909438e-01
3.038050262521118650e-01
2.905069439215023919e-01
2.764827455241815612e-01
2.617674842524796430e-01
2.463979405960176061e-01
2.304125304096314442e-01
2.138512088937479794e-01
1.967553707271872954e-01
1.791677466020241138e-01
1.611322964191150009e-01
1.426940994112352312e-01
1.238992414684781940e-01
1.047946999475278806e-01
8.542822625273299719e-02
6.584822648246672905e-02
4.610364043908739273e-02
2.624381930492232853e-02
6.318402290011952693e-03
-1.362280744006329550e-02
-3.352996724615930901e-02
-5.335331959620928655e-02
-7.304331643314047884e-02
-9.255074301921277502e-02
-1.118268409472320535e-01
-1.308234300111763837e-01
-1.494930286316177026e-01
-1.677889725349445138e-01
-1.856655313897419834e-01
-2.030780231088041288e-01
-2.199829255310846166e-01
-2.363379852044296681e-01
-2.521023229972074731e-01
-2.672365362748445605e-01
-2.817027973858913792e-01
-2.954649482114549142e-01
-3.084885905416592800e-01
-3.207411720532624133e-01
-3.321920676735063971e-01
-3.428126561268500794e-01
-3.525763914732574222e-01
-3.614588694592155704e-01
-3.694378885156666681e-01
-3.764935052503624591e-01
-3.826080842959582728e-01
-3.877663423892534489e-01
-3.919553865713814589e-01
-3.951647464135011889e-01
-3.973864001874096719e-01
-3.986147949156848003e-01
-3.988468602512437733e-01
-3.980820161516027134e-01
-3.963221743286898802e-01
-3.935717334705546300e-01
-3.898375682469381598e-01
-3.851290121261860544e-01
-3.794578340464294097e-01
-3.728382089993773629e-01
-3.652866826002134082e-01
-3.568221297321744201e-01
-3.474657073691787001e-01
-3.372408016944010711e-01
-3.261729696470025974e-01
-3.142898750430862531e-01
-3.016212194305638583e-01
-2.881986678507602595e-01
-2.740557696922935049e-01
-2.592278748350824724e-01
-2.437520452940518112e-01
-2.276669625833963317e-01
-2.110128310329450196e-01
-1.938312772982685728e-01
-1.761652463157247772e-01
-1.580588939624788525e-01
-1.395574766898068086e-01
-1.207072384055394992e-01
-1.015552948883723661e-01
-8.214951602295980648e-02
-6.253840615013098181e-02
-4.277098283129881356e-02
-2.289665433008583259e-02
-2.965096117394528524e-03
1.697387329139795481e-02
3.687041685678425773e-02
5.667480358177049565e-02
7.633753281346949970e-02
9.580945796895322386e-02
1.150419093761158307e-01
1.339868159225065802e-01
1.525968252080755483e-01
1.708254219015148956e-01
1.886270440043598950e-01
2.059571967322598729e-01
2.227725637287641947e-01
2.390311153336543704e-01
2.546922136352093302e-01
2.697167140438161970e-01
2.840670631330634022e-01
2.977073925037451718e-01
3.106036084361794569e-01
3.227234771067562513e-01
3.340367051557029399e-01
3.445150154047142421e-01
3.541322175351661050e-01
3.628642735502725647e-01
3.706893578575646830e-01
3.775879118214973129e-01
3.835426926498601286e-01
3.885388164917721876e-01
3.925637956395575112e-01
3.956075697415174508e-01
3.976625309475618208e-01
3.987235429248808249e-01
3.987879536960954874e-01
3.978556022678200743e-01
3.959288190330682577e-01
3.930124199464753443e-01
3.891136944869287850e-01
3.842423874376604820e-01
3.784106745293637220e-01
3.716331320072140398e-01
3.639267001978387928e-01
3.553106411673314091e-01
3.458064905761113472e-01
3.354380038509886530e-01
3.242310968089747170e-01
3.122137808812281978e-01
2.994160930990732439e-01
2.858700210170582179e-01
2.716094227607284139e-01
2.566699423989504125e-01
2.410889208522960792e-01
2.249053025601944200e-01
2.081595381401101785e-01
1.908934832820666505e-01
1.731502941312227373e-01
1.549743194199800778e-01
1.364109896192532700e-01
1.175067033859487492e-01
9.830871159048697183e-02
7.886499921423653636e-02
5.922416541204775925e-02
3.943530203967820363e-02
1.954787094971787570e-02
-3.884196372825401977e-04
-2.032373937747471854e-02
-4.020826035362209949e-02
-5.999228161894261391e-02
-7.962635342359214441e-02
-9.906140081328577984e-02
-1.182488462911265997e-01
-1.371407312360479747e-01
-1.556898357743916050e-01
-1.738497968049986242e-01
-1.915752238828166143e-01
-2.088218126713758394e-01
-2.255464556805537313e-01
-2.417073500128540942e-01
-2.572641018488773246e-01
-2.721778274108317963e-01
-2.864112501517321330e-01
-2.999287939273478920e-01
-3.126966719180422349e-01
-3.246829710782208056e-01
-3.358577319023253738e-01
-3.461930233080003916e-01
-3.556630124492454748e-01
-3.642440292850844807e-01
-3.719146257423349700e-01
-3.786556293246212679e-01
-3.844501910336364792e-01
-3.892838274828553380e-01
-3.931444570984661824e-01
-3.960224303170070126e-01
-3.979105537042487151e-01
-3.988041079350411189e-01
-3.987008595891590179e-01
-3.976010667336986604e-01
-3.955074782780376719e-01
-3.924253271029931600e-01
-3.883623169813516518e-01
-3.833286033224402867e-01
-3.773367677889011285e-01
-3.704017868490804277e-01
-3.625409943436572746e-01
-3.537740381600758544e-01
-3.441228311230504211e-01
-3.336114962239241644e-01
-3.222663063257474869e-01
-3.101156184948031802e-01
-2.971898031227146464e-01
-2.835211680162757486e-01
-2.691438776447668269e-01
-2.540938677465685025e-01
-2.384087555085310506e-01
-2.221277455426025615e-01
-2.052915318947103329e-01
-1.879421963308449128e-01
-1.701231031545565875e-01
-1.518787908187805846e-01
-1.332548606029032578e-01
-1.142978626333079895e-01
-9.505517953230596673e-02
-7.557490798625397799e-02
-5.590573852888720829e-02
-3.609683384034421266e-02
-1.619770586606779708e-02
3.741907937271513052e-03
2.367216891951558558e-02
4.354326180768815918e-02
6.330551921823392159e-02
8.290954579961105908e-02
1.023063416949460264e-01
1.214474250161565877e-01
1.402849530234227537e-01
1.587718417071218302e-01
1.768618834733293455e-01
1.945098626387422314e-01
2.116716684463368914e-01
2.283044053192889999e-01
2.443665000775791796e-01
2.598178058492877085e-01
2.746197024168711143e-01
2.887351927475892421e-01
3.021289954668190392e-01
3.147676330431215530e-01
3.266195154646296395e-01
3.376550191976322446e-01
3.478465612299761478e-01
3.571686680142311388e-01
3.655980391382978034e-01
3.731136055642956806e-01
3.796965822901930410e-01
3.853305153025232688e-01
3.900013227028489293e-01
3.936973299051808595e-01
3.964092988163543940e-01
3.981304509264598779e-01
3.988564842515807674e-01
3.985855840865129007e-01
3.973184275405890475e-01
3.950581818452494343e-01
3.918104964376214472e-01
3.875834888398623224e-01
3.823877243695811834e-01
3.762361897320541382e-01
3.691442605602154869e-01
3.611296629835917260e-01
3.522124293222025915e-01
3.424148480161939845e-01
3.317614079163513363e-01
3.202787370747178231e-01
3.079955361883401910e-01
2.949425068624669244e-01
2.811522748725246434e-01
2.666593086166759718e-01
2.514998329627679552e-01
2.357117387050347013e-01
2.193344878568399547e-01
2.024090150161953761e-01
1.849776250505880959e-01
1.670838873568384897e-01
1.487725269603036582e-01
1.300893127256027293e-01
1.110809429582916286e-01
9.179492868342191414e-02
7.227947489271795145e-02
5.258336005720529172e-02
3.275581420643432218e-02
1.284639587904530533e-02
-7.095131747767581543e-03
-2.701892524028430900e-02
-4.687518549088454112e-02
-6.661428218988230121e-02
-8.618687787545277479e-02
-1.055440512515930518e-01
-1.246374194658834145e-01
-1.434192590414225255e-01
-1.618426251606645827e-01
-1.798614690030143903e-01
-1.974307528428992931e-01
-2.145065626206248133e-01
-2.310462177046574417e-01
-2.470083775709730478e-01
-2.623531451328367514e-01
-2.770421664627456537e-01
-2.910387266572679876e-01
-3.043078416051865354e-01
-3.168163454295530590e-01
-3.285329733851078404e-01
-3.394284400038655725e-01
-3.494755122935269132e-01
-3.586490778057836448e-01
-3.669262074043557198e-01
-3.742862125758905090e-01
-3.807106971404777829e-01
-3.861836032325108303e-01
-3.906912514369961231e-01
-3.942223749809602440e-01
-3.967681478945147000e-01
-3.983222070711907592e-01
-3.988806681723827685e-01
-3.984421353361810025e-01
-3.970077046662924825e-01
-3.945809614923525555e-01
-3.911679714084749238e-01
-3.867772651124162242e-01
-3.814198170832831525e-01
-3.751090181510435273e-01
-3.678606420264252108e-01
-3.596928058748606327e-01
-3.506259250329997190e-01
-3.406826619810089940e-01
-3.298878696981670799e-01
-3.182685295433599348e-01
-3.058536838157411841e-01
-2.926743631641013366e-01
-2.787635090264137805e-01
-2.641558912933898995e-01
-2.488880214018603654e-01
-2.329980610752026560e-01
-2.165257269389005701e-01
-1.995121912496705119e-01
-1.819999789862573880e-01
-1.640328615591346850e-01
-1.456557474047774636e-01
-1.269145697379545634e-01
-1.078561717426173711e-01
-8.852818948833232615e-02
-6.897893286491586784e-02
-4.925726483287114210e-02
-2.941247929143159592e-02
-9.494177869486739030e-03
1.044785405265951858e-02
3.036377178081141326e-02
5.020379589265792919e-02
6.991833666040420114e-02
8.945811799926535468e-02
1.087743006320157357e-01
1.278186041617465074e-01
1.465434277477153657e-01
1.649019690826563633e-01
1.828483413741763819e-01
2.003376880378366642e-01
2.173262948152528129e-01
2.337716990369776704e-01
2.496327957570567135e-01
2.648699404939904856e-01
2.794450483212882475e-01
2.933216890599497639e-01
3.064651783349446879e-01
3.188426642680808332e-01
3.304232095905970112e-01
3.411778689702184564e-01
3.510797613594126010e-01
3.601041371840141836e-01
3.682284402042638183e-01
3.754323638936681307e-01
3.816979021947345396e-01
3.870093945247375933e-01
3.913535649190261201e-01
3.947195552140124186e-01
3.970989521869350836e-01
3.984858085845278119e-01
3.988766579880552166e-01
3.982705234775611447e-01
3.966689200736508436e-01
3.940758509507374385e-01
3.904977974311839017e-01
3.859437027853726554e-01
3.804249498781937522e-01
3.739553327178020137e-01
3.665510219777891598e-01
3.582305245789146331e-01
3.490146374314422872e-01
3.389263954537016232e-01
3.279910139967801008e-01
3.162358258192854987e-01
3.036902127696777809e-01
2.903855323469501926e-01
2.763550393232176994e-01
2.616338026240984105e-01
2.462586176746699718e-01
2.302679144300643355e-01
2.137016613205942606e-01
1.966012653514970232e-01
1.790094686069799990e-01
1.609702414172750895e-01
1.425286724557085494e-01
1.237308560404998536e-01
1.046237769229744208e-01
8.525519285015081827e-02
6.567351519524826375e-02
4.592768795446332958e-02
2.606706541246946521e-02
6.141288782409801833e-03
-1.379983787128463701e-02
-3.370647211711742808e-02
-5.352885773664879665e-02
-7.321744908912869443e-02
-9.272303494979622362e-02
-1.119968615123121541e-01
-1.309907542478854214e-01
-1.496572383165052922e-01
-1.679496572293165402e-01
-1.858222894655454649e-01
-2.032304627524875451e-01
-2.201306657229277763e-01
-2.364806566708956836e-01
-2.522395691339308632e-01
-2.673680140379599002e-01
-2.818281781494632043e-01
-2.955839185888712861e-01
-3.086008531689368173e-01
-3.208464463322965310e-01
-3.322900904734253369e-01
-3.429031824417032581e-01
-3.526591950344029058e-01
-3.615337433008756762e-01
-3.695046454922288892e-01
-3.765519785041516743e-01
-3.826581276742923032e-01
-3.878078308097485660e-01
-3.919882163345953519e-01
-3.951888354621210242e-01
-3.974016883113592469e-01
-3.986212439026161625e-01
-3.988444539820480972e-01
-3.980707606407021260e-01
-3.963020977089976027e-01
-3.935428859231641652e-01
-3.898000218756944579e-01
-3.850828607774635093e-01
-3.794031930745668801e-01
-3.727752149783458147e-01
-3.652154929822588048e-01
-3.567429224542667532e-01
-3.473786804082624191e-01
-3.371461725725577452e-01
-3.260709748877529401e-01
-3.141807695802105171e-01
-3.015052759708982122e-01
-2.880761761925717535e-01
-2.739270360009368743e-01
-2.590932208777412260e-01
-2.436118076354928941e-01
-2.275214917447317686e-01
-2.108624906155117384e-01
-1.936764430748157129e-01
-1.760063052911735870e-01
-1.578962434066158438e-01
-1.393915231443148828e-01
-1.205383966678554575e-01
-1.013839869749101896e-01
-8.197617011428691425e-02
-6.236345552074228082e-02
-4.259486476665526322e-02
-2.271980903362855186e-02
-2.787965610265685096e-03
1.715084627517855786e-02
3.704678997692289338e-02
5.685013599732013923e-02
7.651138628470260938e-02
9.598139795273315233e-02
1.152115061120274064e-01
1.341536455070342637e-01
1.527604706541411672e-01
1.709854741807281808e-01
1.887831030693772616e-01
2.061088725166918822e-01
2.229194771221409688e-01
2.391728991290034689e-01
2.548285134468818991e-01
2.698471891932680000e-01
2.841913875003695411e-01
2.978252553427342963e-01
3.107147151511358563e-01
3.228275499887557354e-01
3.341334840767424263e-01
3.446042584678907783e-01
3.542137016792986648e-01
3.629377951074369557e-01
3.707547330621572268e-01
3.776449772695553153e-01
3.835913057074805121e-01
3.885788556516280856e-01
3.925951608246012747e-01
3.956301825551211127e-01
3.976763348694701272e-01
3.987285034524756799e-01
3.987840584306413527e-01
3.978428609454519593e-01
3.959072635004565188e-01
3.929821040812278565e-01
3.890746940629182249e-01
3.841947999356358778e-01
3.783546188932970233e-01
3.715687483470022645e-01
3.638541494391042130e-01
3.552301046491850300e-01
3.457181695979059666e-01
3.353421191691731140e-01
3.241278880853177280e-01
3.121035060837907826e-01
2.992990278574170770e-01
2.857464579333210963e-01
2.714796706782692803e-01
2.565343256304018493e-01
2.409477783689531472e-01
2.247589871447583931e-01
2.080084155049200523e-01
1.907379311550072842e-01
1.729907013116017966e-01
1.548110848067334178e-01
1.362445212139019590e-01
1.173374172728111342e-01
9.813703089668340818e-02
7.869135305209198905e-02
5.904898780653500268e-02
3.925903084357973416e-02
1.937094674922370044e-02
-5.655546238115052859e-04
-2.050064240482224118e-02
-4.038448925634909037e-02
-6.016739591657048469e-02
-7.979991542157457984e-02
-9.923297669701712509e-02
-1.184180072102525016e-01
-1.373070543763684481e-01
-1.558529054146746973e-01
-1.740092053560686192e-01
-1.917305729063141784e-01
-2.089727138756464209e-01
-2.256925318911755518e-01
-2.418482361153745097e-01
-2.573994457014120996e-01
-2.723072907242353180e-01
-2.865345093351440164e-01
-3.000455408970032489e-01
-3.128066148673160352e-01
-3.247858352069969978e-01
-3.359532601038526245e-01
-3.462809768115249764e-01
-3.557431714168158288e-01
-3.643161933610257197e-01
-3.719786145540395772e-01
-3.787112829333846853e-01
-3.844973703344206073e-01
-3.893224145519809110e-01
-3.931743554883539438e-01
-3.960435652972530418e-01
-3.979228724484092927e-01
-3.988075796526712735e-01
-3.986954756027749625e-01
-3.975868405004601702e-01
-3.954844453561189854e-01
-3.923935450627037413e-01
-3.883218652612405175e-01
-3.832795830307430540e-01
-3.772793014508155629e-01
-3.703360181005238561e-01
-3.624670875722493801e-01
-3.536921780942552385e-01
-3.440332223703518322e-01
-3.335143627595599791e-01
-3.221618909327924607e-01
-3.100041821573612522e-01
-2.970716243735945228e-01
-2.833965422408056822e-01
-2.690131163424798744e-01
-2.539572977526212694e-01
-2.382667181767841036e-01
-2.219805958924136735e-01
-2.051396377235722990e-01
-1.877859372950792805e-01
-1.699628698203746735e-01
-1.517149836860699486e-01
-1.330878891041865908e-01
-1.141281441103759037e-01
-9.488313819307724051e-02
-7.540097384447930207e-02
-5.573034632933789034e-02
-3.592042197217665267e-02
-1.602071526707923854e-02
3.919034882758822697e-03
2.384898948638383351e-02
4.371933403660652889e-02
6.348040302032673110e-02
8.308280405645102062e-02
1.024775413511219285e-01
1.216161381616870374e-01
1.404507579633079983e-01
1.589343240153616721e-01
1.770206370287731312e-01
1.946644906401777675e-01
2.118217844042892817e-01
2.284496340220422417e-01
2.445064785290100018e-01
2.599521841761682217e-01
2.747481447433656743e-01
2.888573780347730158e-01
3.022446183151069055e-01
3.148764044556080499e-01
3.267211635694322602e-01
3.377492899274245897e-01
3.479332189570290002e-01
3.572474961393573012e-01
3.656688406322373686e-01
3.731762034601884825e-01
3.797508201258976701e-01
3.853762575116969624e-01
3.900384549537908585e-01
3.937257593866017591e-01
3.964289544693587186e-01
3.981412836221493445e-01
3.988584669138577343e-01
3.985787117597541784e-01
3.973027174020325458e-01
3.950336731620621156e-01
3.917772504687451196e-01
3.875415886829050027e-01
3.823372747531140758e-01
3.761773167538448037e-01
3.690771113720511809e-01
3.610544054234700595e-01
3.521292514948305419e-01
3.423239578228217672e-01
3.316630325351276887e-01
3.201731223928648840e-01
3.078829461875575713e-01
2.948232229591208342e-01
2.810265952142516066e-01
2.665275473371690462e-01
2.513623193966075808e-01
2.355688165645189736e-01
2.191865143728877474e-01
2.022563600454534982e-01
1.848206701509822469e-01
1.669230248338783307e-01
1.486081588865198755e-01
1.299218499355785650e-01
1.109108040217892388e-01
9.162253885917592822e-02
7.210526506551075132e-02
5.240776566087756994e-02
3.257927413552912099e-02
1.266935139179961936e-02
-7.272238132338605665e-03
-2.719565084845435021e-02
-4.705108860067015730e-02
-6.678892313511758383e-02
-8.635982014472584622e-02
-1.057148625792972974e-01
-1.248056729126568454e-01
-1.435845340612724175e-01
-1.620045086521148536e-01
-1.800195563416436828e-01
-1.975846488926913114e-01
-2.146558827216035747e-01
-2.311905886343338656e-01
-2.471474384772098520e-01
-2.624865484357898349e-01
-2.771695787236327368e-01
-2.911598294117933028e-01
-3.044223321595314058e-01
-3.169239376169571409e-01
-3.286333982811355248e-01
-3.395214465985770813e-01
-3.495608681188741573e-01
-3.587265695166538260e-01
-3.669956413118286020e-01
-3.743474151313578302e-01
-3.807635153694245433e-01
-3.862279051168739930e-01
-3.907269262451346092e-01
-3.942493335444328117e-01
-3.967863228309524426e-01
-3.983315529527178267e-01
-3.988811616391649273e-01
-3.984337751548059914e-01
-3.969905117328598187e-01
-3.945549787802419273e-01
-3.911332638609351098e-01
-3.867339194802429381e-01
-3.813679417079806067e-01
-3.750487426940338209e-01
-3.677921171449600179e-01
-3.596162028454565895e-01
-3.505414353233383684e-01
-3.405904967713609399e-01
-3.297882593535577667e-01
-3.181617230377748462e-01
-3.057399481098205252e-01
-2.925539825378793424e-01
-2.786367843687611590e-01
-2.640231393499539170e-01
-2.487495739833637254e-01
-2.328542642280895802e-01
-2.163769400804023413e-01
-1.993587862694452817e-01
-1.818423393168639712e-01
-1.638713812176494089e-01
-1.454908300079567340e-01
-1.267466274934040960e-01
-1.076856244184849626e-01
-8.835546336410901591e-02
-6.880445966595818974e-02
-4.908148065131262561e-02
-2.923582349617993500e-02
-9.317092008029121547e-03
1.062492735789395334e-02
3.054038993877755334e-02
5.037951744994179776e-02
7.009272240462674497e-02
8.963073205688418255e-02
1.089447115577824310e-01
1.279863860170949164e-01
1.467081611653862083e-01
1.650632423148976624e-01
1.830057513218962539e-01
2.004908412581433153e-01
2.174748085048561208e-01
2.339152019889980394e-01
2.497709292888501964e-01
2.650023593436648950e-01
2.795714215106818168e-01
2.934417007219028983e-01
3.065785285028033158e-01
3.189490696254585478e-01
3.305224041795135625e-01
3.412696048558610529e-01
3.511638092498422514e-01
3.601802870032760895e-01
3.682965016174699069e-01
3.754921667827290643e-01
3.817492970835724142e-01
3.870522529528961919e-01
3.913877797627552946e-01
3.947450409540237959e-01
3.971156451221491412e-01
3.984936669913000107e-01
3.988756622244611916e-01
3.982606760324913786e-01
3.966502455605918076e-01
3.940483960462439761e-01
3.904616307582190471e-01
3.858989147417835608e-01
3.803716524107642605e-01
3.738936590424460915e-01
3.664811262465739738e-01
3.581525814947672526e-01
3.489288418114810941e-01
3.388329617422950468e-01
3.278901757295493158e-01
3.161278350393810221e-01
3.035753393978088965e-01
2.902640635067216812e-01
2.762272786234704069e-01
